\BOOKMARK [0][-]{chapter.1}{\376\377\000P\000r\000e\000f\000a\000c\000e}{}% 1
\BOOKMARK [1][-]{section.1.1}{\376\377\000L\000e\000a\000r\000n\000i\000n\000g\000\040\000g\000o\000a\000l\000s}{chapter.1}% 2
\BOOKMARK [0][-]{chapter.2}{\376\377\000I\000n\000t\000r\000o\000d\000u\000c\000t\000i\000o\000n\000\040\000t\000o\000\040\000r\000e\000p\000r\000o\000d\000u\000c\000i\000b\000l\000e\000\040\000r\000e\000s\000e\000a\000r\000c\000h}{}% 3
\BOOKMARK [1][-]{section.2.1}{\376\377\000w\000h\000a\000t\000\040\000i\000s\000\040\000r\000e\000p\000r\000o\000d\000u\000c\000i\000b\000l\000e\000\040\000r\000e\000s\000e\000a\000r\000c\000h\000?}{chapter.2}% 4
\BOOKMARK [1][-]{section.2.2}{\376\377\000B\000e\000n\000e\000f\000i\000t\000s\000\040\000o\000f\000\040\000r\000e\000p\000r\000o\000d\000u\000c\000u\000b\000i\000l\000i\000t\000y}{chapter.2}% 5
\BOOKMARK [1][-]{section.2.3}{\376\377\000H\000o\000w\000\040\000t\000o\000\040\000m\000a\000k\000e\000\040\000r\000e\000s\000e\000a\000r\000c\000h\000\040\000r\000e\000p\000r\000o\000d\000u\000c\000i\000b\000l\000e}{chapter.2}% 6
\BOOKMARK [1][-]{section.2.4}{\376\377\000R\000e\000q\000u\000i\000r\000e\000m\000e\000n\000t\000s\000\040\000f\000o\000r\000\040\000r\000e\000p\000r\000o\000d\000u\000c\000i\000b\000i\000l\000i\000t\000y}{chapter.2}% 7
\BOOKMARK [0][-]{chapter.3}{\376\377\000T\000o\000o\000l\000s\000\040\000f\000o\000r\000\040\000r\000e\000p\000r\000o\000d\000u\000c\000i\000b\000l\000e\000\040\000p\000r\000o\000j\000e\000c\000t\000s}{}% 8
\BOOKMARK [1][-]{section.3.1}{\376\377\000T\000o\000o\000l\000s}{chapter.3}% 9
\BOOKMARK [0][-]{chapter.4}{\376\377\000G\000i\000v\000i\000n\000g\000\040\000a\000n\000d\000\040\000r\000e\000c\000e\000i\000v\000i\000n\000g\000\040\000c\000r\000e\000d\000i\000t\000s}{}% 10
\BOOKMARK [0][-]{chapter.5}{\376\377\000I\000n\000t\000r\000o\000d\000u\000c\000t\000i\000o\000n\000\040\000t\000o\000\040\000m\000a\000r\000k\000d\000o\000w\000n}{}% 11
\BOOKMARK [1][-]{section.5.1}{\376\377\000R\000m\000a\000r\000k\000d\000o\000w\000n\000\040\000a\000n\000d\000\040\000u\000s\000a\000g\000e}{chapter.5}% 12
\BOOKMARK [1][-]{section.5.2}{\376\377\000C\000o\000m\000p\000u\000t\000a\000t\000i\000o\000n\000\040\000c\000o\000m\000p\000o\000n\000e\000n\000t\000s}{chapter.5}% 13
\BOOKMARK [1][-]{section.5.3}{\376\377\000N\000a\000r\000r\000a\000t\000i\000v\000e\000\040\000c\000o\000m\000p\000o\000n\000e\000n\000t\000s}{chapter.5}% 14
\BOOKMARK [1][-]{section.5.4}{\376\377\000R\000p\000r\000o\000j\000e\000c\000t\000\040\000s\000e\000t\000-\000u\000p}{chapter.5}% 15
\BOOKMARK [1][-]{section.5.5}{\376\377\000D\000e\000m\000o}{chapter.5}% 16
\BOOKMARK [0][-]{chapter.6}{\376\377\000G\000I\000T\000\040\000C\000o\000m\000m\000a\000n\000d\000s}{}% 17
\BOOKMARK [1][-]{section.6.1}{\376\377\000G\000I\000T\000\040\000T\000e\000r\000m\000i\000n\000o\000l\000o\000g\000y}{chapter.6}% 18
\BOOKMARK [1][-]{section.6.2}{\376\377\000G\000I\000T\000\040\000C\000o\000m\000m\000a\000n\000d\000s}{chapter.6}% 19
\BOOKMARK [0][-]{chapter.7}{\376\377\000R\000e\000s\000o\000u\000r\000c\000e\000s\000\040\000\050\000b\000l\000o\000g\000s\000,\000\040\000s\000i\000t\000e\000s\000,\000\040\000b\000o\000o\000k\000s\000,\000\040\000c\000o\000u\000r\000s\000e\000s\000\051\000:}{}% 20
